<?xml version="1.0" encoding="UTF-8"?>
<!-- Generated by org.testng.reporters.JUnitXMLReporter -->
<testsuite hostname="Dell-PC" ignored="0" name="TestngTest" tests="3" failures="0" timestamp="12 Jan 2019 13:34:21 GMT" time="162.066" errors="0">
  <testcase name="loginMethod" time="8.688" classname="com.test.LoginTest"/>
  <testcase name="profileMethod" time="12.8" classname="com.test.ProfileTest"/>
  <testcase name="addProductMethod" time="16.3" classname="com.test.AddProductTest"/>
</testsuite> <!-- TestngTest -->
