<?xml version="1.0" encoding="UTF-8"?>
<testng-results skipped="0" failed="0" ignored="0" total="1" passed="1">
  <reporter-output>
  </reporter-output>
  <suite name="Default suite" duration-ms="22046" started-at="2019-01-03T15:48:50Z" finished-at="2019-01-03T15:49:12Z">
    <groups>
    </groups>
    <test name="Default test" duration-ms="22046" started-at="2019-01-03T15:48:50Z" finished-at="2019-01-03T15:49:12Z">
      <class name="com.test.AddProductTest">
        <test-method status="PASS" signature="setUp()[pri:0, instance:com.test.AddProductTest@28d25987]" name="setUp" is-config="true" duration-ms="10107" started-at="2019-01-03T15:48:50Z" finished-at="2019-01-03T15:49:00Z">
          <reporter-output>
          </reporter-output>
        </test-method> <!-- setUp -->
        <test-method status="PASS" signature="addProductMethod()[pri:0, instance:com.test.AddProductTest@28d25987]" name="addProductMethod" duration-ms="11826" started-at="2019-01-03T15:49:00Z" finished-at="2019-01-03T15:49:12Z">
          <reporter-output>
          </reporter-output>
        </test-method> <!-- addProductMethod -->
        <test-method status="PASS" signature="tearDown()[pri:0, instance:com.test.AddProductTest@28d25987]" name="tearDown" is-config="true" duration-ms="89" started-at="2019-01-03T15:49:12Z" finished-at="2019-01-03T15:49:12Z">
          <reporter-output>
          </reporter-output>
        </test-method> <!-- tearDown -->
      </class> <!-- com.test.AddProductTest -->
    </test> <!-- Default test -->
  </suite> <!-- Default suite -->
</testng-results>
